0 info it worked if it ends with ok
1 verbose cli [ '/usr/local/bin/node',
1 verbose cli   '/usr/local/bin/npm',
1 verbose cli   'install',
1 verbose cli   '--global',
1 verbose cli   'surge' ]
2 info using npm@2.15.5
3 info using node@v4.4.5
4 verbose install initial load of /usr/local/lib/package.json
5 verbose readDependencies loading dependencies from /usr/local/lib/package.json
6 silly cache add args [ 'surge', null ]
7 verbose cache add spec surge
8 silly cache add parsed spec Result {
8 silly cache add   raw: 'surge',
8 silly cache add   scope: null,
8 silly cache add   name: 'surge',
8 silly cache add   rawSpec: '',
8 silly cache add   spec: 'latest',
8 silly cache add   type: 'tag' }
9 silly addNamed surge@latest
10 verbose addNamed "latest" is being treated as a dist-tag for surge
11 info addNameTag [ 'surge', 'latest' ]
12 silly mapToRegistry name surge
13 silly mapToRegistry using default registry
14 silly mapToRegistry registry https://registry.npmjs.org/
15 silly mapToRegistry data Result {
15 silly mapToRegistry   raw: 'surge',
15 silly mapToRegistry   scope: null,
15 silly mapToRegistry   name: 'surge',
15 silly mapToRegistry   rawSpec: '',
15 silly mapToRegistry   spec: 'latest',
15 silly mapToRegistry   type: 'tag' }
16 silly mapToRegistry uri https://registry.npmjs.org/surge
17 verbose addNameTag registry:https://registry.npmjs.org/surge not in flight; fetching
18 verbose request uri https://registry.npmjs.org/surge
19 verbose request no auth needed
20 info attempt registry request try #1 at 8:18:58 AM
21 verbose request id 6cebcaa1072bd089
22 http request GET https://registry.npmjs.org/surge
23 http 200 https://registry.npmjs.org/surge
24 verbose headers { server: 'CouchDB/1.5.0 (Erlang OTP/R16B03)',
24 verbose headers   etag: '"1I2FDIWFQEM4TLNGMI56AT6LP"',
24 verbose headers   'content-type': 'application/json',
24 verbose headers   'content-encoding': 'gzip',
24 verbose headers   'cache-control': 'max-age=300',
24 verbose headers   'content-length': '7086',
24 verbose headers   'accept-ranges': 'bytes',
24 verbose headers   date: 'Sat, 11 Jun 2016 00:19:00 GMT',
24 verbose headers   via: '1.1 varnish',
24 verbose headers   age: '0',
24 verbose headers   connection: 'keep-alive',
24 verbose headers   'x-served-by': 'cache-sin6927-SIN',
24 verbose headers   'x-cache': 'MISS',
24 verbose headers   'x-cache-hits': '0',
24 verbose headers   'x-timer': 'S1465604339.020804,VS0,VE993',
24 verbose headers   vary: 'Accept-Encoding' }
25 silly get cb [ 200,
25 silly get   { server: 'CouchDB/1.5.0 (Erlang OTP/R16B03)',
25 silly get     etag: '"1I2FDIWFQEM4TLNGMI56AT6LP"',
25 silly get     'content-type': 'application/json',
25 silly get     'content-encoding': 'gzip',
25 silly get     'cache-control': 'max-age=300',
25 silly get     'content-length': '7086',
25 silly get     'accept-ranges': 'bytes',
25 silly get     date: 'Sat, 11 Jun 2016 00:19:00 GMT',
25 silly get     via: '1.1 varnish',
25 silly get     age: '0',
25 silly get     connection: 'keep-alive',
25 silly get     'x-served-by': 'cache-sin6927-SIN',
25 silly get     'x-cache': 'MISS',
25 silly get     'x-cache-hits': '0',
25 silly get     'x-timer': 'S1465604339.020804,VS0,VE993',
25 silly get     vary: 'Accept-Encoding' } ]
26 verbose get saving surge to /Users/i329927/.npm/registry.npmjs.org/surge/.cache.json
27 verbose correctMkdir /Users/i329927/.npm correctMkdir not in flight; initializing
28 verbose makeDirectory /Users/i329927/.npm creation not in flight; initializing
29 silly makeDirectory /Users/i329927/.npm uid: 1093050964 gid: 1694527156
30 silly addNameTag next cb for surge with tag latest
31 silly addNamed surge@0.18.0
32 verbose addNamed "0.18.0" is a plain semver version for surge
33 silly mapToRegistry name surge
34 silly mapToRegistry using default registry
35 silly mapToRegistry registry https://registry.npmjs.org/
36 silly mapToRegistry data Result {
36 silly mapToRegistry   raw: 'surge',
36 silly mapToRegistry   scope: null,
36 silly mapToRegistry   name: 'surge',
36 silly mapToRegistry   rawSpec: '',
36 silly mapToRegistry   spec: 'latest',
36 silly mapToRegistry   type: 'tag' }
37 silly mapToRegistry uri https://registry.npmjs.org/surge
38 verbose addRemoteTarball https://registry.npmjs.org/surge/-/surge-0.18.0.tgz not in flight; adding
39 verbose addRemoteTarball [ 'https://registry.npmjs.org/surge/-/surge-0.18.0.tgz',
39 verbose addRemoteTarball   '1c4378c7a5204b96f45eeaf29bfa117a19995ce9' ]
40 info retry fetch attempt 1 at 8:19:00 AM
41 info attempt registry request try #1 at 8:19:00 AM
42 http fetch GET https://registry.npmjs.org/surge/-/surge-0.18.0.tgz
43 http fetch 200 https://registry.npmjs.org/surge/-/surge-0.18.0.tgz
44 silly fetchAndShaCheck shasum 1c4378c7a5204b96f45eeaf29bfa117a19995ce9
45 verbose addTmpTarball /var/folders/r4/l_4n6rqn0ld91qq3hy_0sr650kd8km/T/npm-1073-23189d98/registry.npmjs.org/surge/-/surge-0.18.0.tgz not in flight; adding
46 verbose addTmpTarball already have metadata; skipping unpack for surge@0.18.0
47 verbose correctMkdir /Users/i329927/.npm correctMkdir not in flight; initializing
48 silly cache afterAdd surge@0.18.0
49 verbose afterAdd /Users/i329927/.npm/surge/0.18.0/package/package.json not in flight; writing
50 verbose correctMkdir /Users/i329927/.npm correctMkdir not in flight; initializing
51 verbose afterAdd /Users/i329927/.npm/surge/0.18.0/package/package.json written
52 silly install resolved [ { name: 'surge',
52 silly install resolved     version: '0.18.0',
52 silly install resolved     description: 'CDN for front-end developers',
52 silly install resolved     author: { name: 'Brock Whitten', email: 'brock@chloi.io' },
52 silly install resolved     bin: { surge: './lib/cli.js' },
52 silly install resolved     dependencies:
52 silly install resolved      { du: '0.1.0',
52 silly install resolved        'fstream-ignore': '1.0.2',
52 silly install resolved        'is-domain': '0.0.1',
52 silly install resolved        moniker: '0.1.2',
52 silly install resolved        netrc: '0.1.4',
52 silly install resolved        prompt: '~0.2.14',
52 silly install resolved        progress: '1.1.8',
52 silly install resolved        request: '2.40.0',
52 silly install resolved        split: '0.3.1',
52 silly install resolved        'surge-ignore': '0.2.0',
52 silly install resolved        tar: '1.0.0',
52 silly install resolved        'tar.gz': '0.1.1',
52 silly install resolved        'url-parse-as-address': '1.0.0',
52 silly install resolved        read: '1.0.5',
52 silly install resolved        minimist: '1.1.1' },
52 silly install resolved     devDependencies:
52 silly install resolved      { commander: '2.9.0',
52 silly install resolved        mocha: '*',
52 silly install resolved        nixt: '0.4.1',
52 silly install resolved        should: '7.1.0',
52 silly install resolved        yargs: '3.30.0' },
52 silly install resolved     license: 'ISC',
52 silly install resolved     main: './lib/surge.js',
52 silly install resolved     ignore: [ 'test' ],
52 silly install resolved     scripts:
52 silly install resolved      { test: 'mocha -t 5000',
52 silly install resolved        'test:local': 'ENDPOINT=\'localhost:5001\' ./node_modules/.bin/mocha' },
52 silly install resolved     repository: { type: 'git', url: 'git+https://github.com/sintaxi/surge.git' },
52 silly install resolved     gitHead: '2110dc825bf517b47ca1abc8664a712c174a8630',
52 silly install resolved     bugs: { url: 'https://github.com/sintaxi/surge/issues' },
52 silly install resolved     homepage: 'https://github.com/sintaxi/surge#readme',
52 silly install resolved     _id: 'surge@0.18.0',
52 silly install resolved     _shasum: '1c4378c7a5204b96f45eeaf29bfa117a19995ce9',
52 silly install resolved     _from: 'surge@latest',
52 silly install resolved     _npmVersion: '3.8.2',
52 silly install resolved     _nodeVersion: '4.4.0',
52 silly install resolved     _npmUser: { name: 'sintaxi', email: 'brock@sintaxi.com' },
52 silly install resolved     dist:
52 silly install resolved      { shasum: '1c4378c7a5204b96f45eeaf29bfa117a19995ce9',
52 silly install resolved        tarball: 'https://registry.npmjs.org/surge/-/surge-0.18.0.tgz' },
52 silly install resolved     maintainers: [ [Object], [Object] ],
52 silly install resolved     _npmOperationalInternal:
52 silly install resolved      { host: 'packages-16-east.internal.npmjs.com',
52 silly install resolved        tmp: 'tmp/surge-0.18.0.tgz_1462359848149_0.8497565619181842' },
52 silly install resolved     directories: {},
52 silly install resolved     _resolved: 'https://registry.npmjs.org/surge/-/surge-0.18.0.tgz' } ]
53 info install surge@0.18.0 into /usr/local/lib
54 info installOne surge@0.18.0
55 verbose installOne of surge to /usr/local/lib not in flight; installing
56 verbose correctMkdir /Users/i329927/.npm/_locks correctMkdir not in flight; initializing
57 verbose makeDirectory /Users/i329927/.npm/_locks creation not in flight; initializing
58 silly makeDirectory /Users/i329927/.npm/_locks uid: 1093050964 gid: 1694527156
59 verbose lock using /Users/i329927/.npm/_locks/surge-9264acc302f55897.lock for /usr/local/lib/node_modules/surge
60 silly install write writing surge 0.18.0 to /usr/local/lib/node_modules/surge
61 verbose unbuild lib/node_modules/surge
62 silly gentlyRm /usr/local/lib/node_modules/surge is being purged from base /usr/local
63 verbose gentlyRm don't care about contents; nuking /usr/local/lib/node_modules/surge
64 verbose tar unpack /Users/i329927/.npm/surge/0.18.0/package.tgz
65 verbose tar unpacking to /usr/local/lib/node_modules/surge
66 silly gentlyRm /usr/local/lib/node_modules/surge is being purged
67 verbose gentlyRm don't care about contents; nuking /usr/local/lib/node_modules/surge
68 silly gunzTarPerm modes [ '755', '644' ]
69 error tar.unpack untar error /Users/i329927/.npm/surge/0.18.0/package.tgz
70 verbose unlock done using /Users/i329927/.npm/_locks/surge-9264acc302f55897.lock for /usr/local/lib/node_modules/surge
71 verbose fstream_path /usr/local/lib/node_modules/surge
72 verbose fstream_type Directory
73 verbose fstream_class DirWriter
74 verbose stack Error: EACCES: permission denied, mkdir '/usr/local/lib/node_modules/surge'
74 verbose stack     at Error (native)
75 verbose fstream_stack /usr/local/lib/node_modules/npm/node_modules/fstream/lib/dir-writer.js:35:25
75 verbose fstream_stack /usr/local/lib/node_modules/npm/node_modules/mkdirp/index.js:47:53
75 verbose fstream_stack FSReqWrap.oncomplete (fs.js:82:15)
76 verbose cwd /Users/i329927/Desktop/final-proj
77 error Darwin 15.5.0
78 error argv "/usr/local/bin/node" "/usr/local/bin/npm" "install" "--global" "surge"
79 error node v4.4.5
80 error npm  v2.15.5
81 error path /usr/local/lib/node_modules/surge
82 error code EACCES
83 error errno -13
84 error syscall mkdir
85 error Error: EACCES: permission denied, mkdir '/usr/local/lib/node_modules/surge'
85 error     at Error (native)
85 error  { [Error: EACCES: permission denied, mkdir '/usr/local/lib/node_modules/surge']
85 error   errno: -13,
85 error   code: 'EACCES',
85 error   syscall: 'mkdir',
85 error   path: '/usr/local/lib/node_modules/surge',
85 error   fstream_type: 'Directory',
85 error   fstream_path: '/usr/local/lib/node_modules/surge',
85 error   fstream_class: 'DirWriter',
85 error   fstream_stack:
85 error    [ '/usr/local/lib/node_modules/npm/node_modules/fstream/lib/dir-writer.js:35:25',
85 error      '/usr/local/lib/node_modules/npm/node_modules/mkdirp/index.js:47:53',
85 error      'FSReqWrap.oncomplete (fs.js:82:15)' ] }
86 error Please try running this command again as root/Administrator.
87 verbose exit [ -13, true ]
88 verbose unbuild lib/node_modules/surge
89 silly gentlyRm /usr/local/lib/node_modules/surge is being purged from base /usr/local
90 verbose gentlyRm don't care about contents; nuking /usr/local/lib/node_modules/surge
